[01m[K/home/yasin/EE451/Project_1/src/pr_move/src/pr_move_node.cpp:[m[K In function â€˜[01m[Kint main(int, char**)[m[Kâ€™:
[01m[K/home/yasin/EE451/Project_1/src/pr_move/src/pr_move_node.cpp:215:48:[m[K [01;31m[Kerror: [m[Kconversion from â€˜[01m[KEigen::DenseCoeffsBase<Eigen::Matrix<double, 4, 1>, 1>::Scalar {aka double}[m[Kâ€™ to non-scalar type â€˜[01m[KEigen::Vector3d {aka Eigen::Matrix<double, 3, 1>}[m[Kâ€™ requested
   Eigen::Vector3d transformed3d = transformed[0[01;31m[K][m[K,transformed[1],transformed[2];
                                                [01;31m[K^[m[K
[01m[K/home/yasin/EE451/Project_1/src/pr_move/src/pr_move_node.cpp:215:63:[m[K [01;31m[Kerror: [m[Kconflicting declaration â€˜[01m[KEigen::Vector3d transformed [1][m[Kâ€™
   Eigen::Vector3d transformed3d = transformed[0],transformed[1[01;31m[K][m[K,transformed[2];
                                                               [01;31m[K^[m[K
[01m[K/home/yasin/EE451/Project_1/src/pr_move/src/pr_move_node.cpp:214:19:[m[K [01;36m[Knote: [m[Kprevious declaration as â€˜[01m[KEigen::Vector4d transformed[m[Kâ€™
   Eigen::Vector4d [01;36m[Ktransformed[m[K = transformation*vector;
                   [01;36m[K^~~~~~~~~~~[m[K
[01m[K/home/yasin/EE451/Project_1/src/pr_move/src/pr_move_node.cpp:215:78:[m[K [01;31m[Kerror: [m[Kconflicting declaration â€˜[01m[KEigen::Vector3d transformed [2][m[Kâ€™
   Eigen::Vector3d transformed3d = transformed[0],transformed[1],transformed[2[01;31m[K][m[K;
                                                                              [01;31m[K^[m[K
[01m[K/home/yasin/EE451/Project_1/src/pr_move/src/pr_move_node.cpp:214:19:[m[K [01;36m[Knote: [m[Kprevious declaration as â€˜[01m[KEigen::Vector4d transformed[m[Kâ€™
   Eigen::Vector4d [01;36m[Ktransformed[m[K = transformation*vector;
                   [01;36m[K^~~~~~~~~~~[m[K
make[2]: *** [CMakeFiles/pr_move_node.dir/src/pr_move_node.cpp.o] Error 1
make[1]: *** [CMakeFiles/pr_move_node.dir/all] Error 2
make: *** [all] Error 2
