[35m[1mScanning dependencies of target pr_move_node[0m
[ 50%] [32mBuilding CXX object CMakeFiles/pr_move_node.dir/src/pr_move_node.cpp.o[0m
[01m[K/home/yasin/EE451/Project_1/src/pr_move/src/pr_move_node.cpp:215:107:[m[K [01;31m[Kerror: [m[Kmacro "ROS_INFO_STREAM" passed 3 arguments, but takes just 1
    ROS_INFO_STREAM("Transformed Translation 2: \n" << transformed[0],transformed[1],transformed[2] << "\n"[01;31m[K)[m[K;
                                                                                                           [01;31m[K^[m[K
[01m[K/home/yasin/EE451/Project_1/src/pr_move/src/pr_move_node.cpp:[m[K In function â€˜[01m[Kint main(int, char**)[m[Kâ€™:
[01m[K/home/yasin/EE451/Project_1/src/pr_move/src/pr_move_node.cpp:215:4:[m[K [01;31m[Kerror: [m[Kexpected â€˜[01m[K,[m[Kâ€™ or â€˜[01m[K;[m[Kâ€™ before â€˜[01m[KROS_INFO_STREAM[m[Kâ€™
    [01;31m[KROS_INFO_STREAM[m[K("Transformed Translation 2: \n" << transformed[0],transformed[1],transformed[2] << "\n");
    [01;31m[K^~~~~~~~~~~~~~~[m[K
CMakeFiles/pr_move_node.dir/build.make:81: recipe for target 'CMakeFiles/pr_move_node.dir/src/pr_move_node.cpp.o' failed
make[2]: *** [CMakeFiles/pr_move_node.dir/src/pr_move_node.cpp.o] Error 1
CMakeFiles/Makefile2:274: recipe for target 'CMakeFiles/pr_move_node.dir/all' failed
make[1]: *** [CMakeFiles/pr_move_node.dir/all] Error 2
Makefile:159: recipe for target 'all' failed
make: *** [all] Error 2
