In file included from [01m[K/opt/ros/melodic/include/pluginlib/./class_loader.hpp:42:0[m[K,
                 from [01m[K/opt/ros/melodic/include/pluginlib/class_loader.h:35[m[K,
                 from [01m[K/home/yasin/EE451/Project_2/src/manipulator_core/src/robot_model.cpp:7[m[K:
[01m[K/home/yasin/EE451/Project_2/src/manipulator_core/src/robot_model.cpp:[m[K In function â€˜[01m[Kint main(int, char**)[m[Kâ€™:
[01m[K/home/yasin/EE451/Project_2/src/manipulator_core/src/robot_model.cpp:111:50:[m[K [01;31m[Kerror: [m[Kâ€˜[01m[Kend_effector_state[m[Kâ€™ was not declared in this scope
   ROS_INFO_STREAM("Transformation Matrix: \n" << [01;31m[Ke[m[Knd_effector_state.matrix() << "\n");
                                                  [01;31m[K^[m[K
[01m[K/opt/ros/melodic/include/ros/console.h:358:64:[m[K [01;36m[Knote: [m[Kin definition of macro â€˜[01m[KROSCONSOLE_PRINT_STREAM_AT_LOCATION_WITH_FILTER[m[Kâ€™
     __rosconsole_print_stream_at_location_with_filter__ss__ << [01;36m[Kargs[m[K; \
                                                                [01;36m[K^~~~[m[K
[01m[K/opt/ros/melodic/include/ros/console.h:406:7:[m[K [01;36m[Knote: [m[Kin expansion of macro â€˜[01m[KROSCONSOLE_PRINT_STREAM_AT_LOCATION[m[Kâ€™
       [01;36m[KROSCONSOLE_PRINT_STREAM_AT_LOCATION[m[K(args); \
       [01;36m[K^~~~~~~~~~~~~~~~~~~~~~~~~~~~~~~~~~~[m[K
[01m[K/opt/ros/melodic/include/ros/console.h:579:43:[m[K [01;36m[Knote: [m[Kin expansion of macro â€˜[01m[KROS_LOG_STREAM_COND[m[Kâ€™
 #define ROS_LOG_STREAM(level, name, args) [01;36m[KROS_LOG_STREAM_COND[m[K(true, level, name, args)
                                           [01;36m[K^~~~~~~~~~~~~~~~~~~[m[K
[01m[K/opt/ros/melodic/include/rosconsole/macros_generated.h:111:31:[m[K [01;36m[Knote: [m[Kin expansion of macro â€˜[01m[KROS_LOG_STREAM[m[Kâ€™
 #define ROS_INFO_STREAM(args) [01;36m[KROS_LOG_STREAM[m[K(::ros::console::levels::Info, ROSCONSOLE_DEFAULT_NAME, args)
                               [01;36m[K^~~~~~~~~~~~~~[m[K
[01m[K/home/yasin/EE451/Project_2/src/manipulator_core/src/robot_model.cpp:111:3:[m[K [01;36m[Knote: [m[Kin expansion of macro â€˜[01m[KROS_INFO_STREAM[m[Kâ€™
   [01;36m[KR[m[KOS_INFO_STREAM("Transformation Matrix: \n" << end_effector_state.matrix() << "\n");
   [01;36m[K^[m[K
[01m[K/home/yasin/EE451/Project_2/src/manipulator_core/src/robot_model.cpp:132:28:[m[K [01;31m[Kerror: [m[Kredeclaration of â€˜[01m[Kconst Isometry3d& end_effector_state[m[Kâ€™
   const Eigen::Isometry3d& [01;31m[Kend_effector_state[m[K = kinematic_state->getGlobalLinkTransform("link4");
                            [01;31m[K^~~~~~~~~~~~~~~~~~[m[K
[01m[K/home/yasin/EE451/Project_2/src/manipulator_core/src/robot_model.cpp:113:28:[m[K [01;36m[Knote: [m[Kâ€˜[01m[Kconst Isometry3d& end_effector_state[m[Kâ€™ previously declared here
   const Eigen::Isometry3d& [01;36m[Kend_effector_state[m[K = kinematic_state->getGlobalLinkTransform("link4");
                            [01;36m[K^~~~~~~~~~~~~~~~~~[m[K
[01m[K/home/yasin/EE451/Project_2/src/manipulator_core/src/robot_model.cpp:170:62:[m[K [01;31m[Kerror: [m[Kâ€˜[01m[Kjo[m[Kâ€™ was not declared in this scope
                                kinematic_state->getLinkModel([01;31m[Kjo[m[K int_model_group->getLinkModelNames().back()),
                                                              [01;31m[K^~[m[K
[01m[K/home/yasin/EE451/Project_2/src/manipulator_core/src/robot_model.cpp:170:62:[m[K [01;36m[Knote: [m[Ksuggested alternative: â€˜[01m[Kjn[m[Kâ€™
                                kinematic_state->getLinkModel([01;36m[Kjo[m[K int_model_group->getLinkModelNames().back()),
                                                              [01;36m[K^~[m[K
                                                              [32m[Kjn[m[K
make[2]: *** [CMakeFiles/robot_model_node.dir/src/robot_model.cpp.o] Error 1
make[1]: *** [CMakeFiles/robot_model_node.dir/all] Error 2
make: *** [all] Error 2
